<?xml version="1.0" encoding="UTF-8"?>
<testng-results ignored="0" total="1" passed="1" failed="0" skipped="0">
  <reporter-output>
  </reporter-output>
  <suite started-at="2025-05-10T13:31:58 IST" name="Suite" finished-at="2025-05-10T13:32:04 IST" duration-ms="6226">
    <groups>
    </groups>
    <test started-at="2025-05-10T13:31:58 IST" name="Test" finished-at="2025-05-10T13:32:04 IST" duration-ms="6226">
      <class name="testclasses.Registration">
        <test-method is-config="true" signature="setup()[pri:0, instance:testclasses.Registration@402c4085]" started-at="2025-05-10T13:31:58 IST" name="setup" finished-at="2025-05-10T13:32:00 IST" duration-ms="2230" status="PASS">
          <reporter-output>
          </reporter-output>
        </test-method> <!-- setup -->
        <test-method signature="loginPage()[pri:0, instance:testclasses.Registration@402c4085]" started-at="2025-05-10T13:32:00 IST" name="loginPage" finished-at="2025-05-10T13:32:04 IST" duration-ms="3751" status="PASS">
          <reporter-output>
          </reporter-output>
        </test-method> <!-- loginPage -->
        <test-method is-config="true" signature="tearDown()[pri:0, instance:testclasses.Registration@402c4085]" started-at="2025-05-10T13:32:04 IST" name="tearDown" finished-at="2025-05-10T13:32:04 IST" duration-ms="2" status="PASS">
          <reporter-output>
          </reporter-output>
        </test-method> <!-- tearDown -->
      </class> <!-- testclasses.Registration -->
    </test> <!-- Test -->
  </suite> <!-- Suite -->
</testng-results>
